# JRE version: OpenJDK Runtime Environment (8.0_76-b03) (build 1.8.0_76-release-b03)
# Java VM: OpenJDK 64-Bit Server VM (25.76-b03 mixed mode windows-amd64 compressed oops)
Heap:
 PSYoungGen      total 125952K, used 51770K [0x00000000eb200000, 0x00000000f5580000, 0x0000000100000000)
  eden space 108544K, 31% used [0x00000000eb200000,0x00000000ed38f7b0,0x00000000f1c00000)
  from space 17408K, 99% used [0x00000000f1c00000,0x00000000f2cff190,0x00000000f2d00000)
  to   space 24064K, 0% used [0x00000000f3e00000,0x00000000f3e00000,0x00000000f5580000)
 ParOldGen       total 77824K, used 37812K [0x00000000c1600000, 0x00000000c6200000, 0x00000000eb200000)
  object space 77824K, 48% used [0x00000000c1600000,0x00000000c3aed318,0x00000000c6200000)
 Metaspace       used 40619K, capacity 40997K, committed 41264K, reserved 1083392K
  class space    used 6276K, capacity 6384K, committed 6448K, reserved 1048576K
GC Heap History (10 events):
Event: 7.571 GC heap before
{Heap before GC invocations=7 (full 0):
 PSYoungGen      total 69632K, used 16377K [0x00000000eb200000, 0x00000000f0400000, 0x0000000100000000)
  eden space 62976K, 15% used [0x00000000eb200000,0x00000000ebb80e38,0x00000000eef80000)
  from space 6656K, 99% used [0x00000000ef880000,0x00000000efefd6e0,0x00000000eff00000)
  to   space 9216K, 0% used [0x00000000eef80000,0x00000000eef80000,0x00000000ef880000)
 ParOldGen       total 44032K, used 8580K [0x00000000c1600000, 0x00000000c4100000, 0x00000000eb200000)
  object space 44032K, 19% used [0x00000000c1600000,0x00000000c1e610c0,0x00000000c4100000)
 Metaspace       used 20899K, capacity 21268K, committed 21296K, reserved 1067008K
  class space    used 3505K, capacity 3629K, committed 3632K, reserved 1048576K
Event: 7.584 GC heap after
Heap after GC invocations=7 (full 0):
 PSYoungGen      total 72192K, used 4207K [0x00000000eb200000, 0x00000000f3e00000, 0x0000000100000000)
  eden space 62976K, 0% used [0x00000000eb200000,0x00000000eb200000,0x00000000eef80000)
  from space 9216K, 45% used [0x00000000eef80000,0x00000000ef39bfb8,0x00000000ef880000)
  to   space 8704K, 0% used [0x00000000f3580000,0x00000000f3580000,0x00000000f3e00000)
 ParOldGen       total 44032K, used 9815K [0x00000000c1600000, 0x00000000c4100000, 0x00000000eb200000)
  object space 44032K, 22% used [0x00000000c1600000,0x00000000c1f95c10,0x00000000c4100000)
 Metaspace       used 20899K, capacity 21268K, committed 21296K, reserved 1067008K
  class space    used 3505K, capacity 3629K, committed 3632K, reserved 1048576K
}
Event: 7.584 GC heap before
{Heap before GC invocations=8 (full 1):
 PSYoungGen      total 72192K, used 4207K [0x00000000eb200000, 0x00000000f3e00000, 0x0000000100000000)
  eden space 62976K, 0% used [0x00000000eb200000,0x00000000eb200000,0x00000000eef80000)
  from space 9216K, 45% used [0x00000000eef80000,0x00000000ef39bfb8,0x00000000ef880000)
  to   space 8704K, 0% used [0x00000000f3580000,0x00000000f3580000,0x00000000f3e00000)
 ParOldGen       total 44032K, used 9815K [0x00000000c1600000, 0x00000000c4100000, 0x00000000eb200000)
  object space 44032K, 22% used [0x00000000c1600000,0x00000000c1f95c10,0x00000000c4100000)
 Metaspace       used 20899K, capacity 21268K, committed 21296K, reserved 1067008K
  class space    used 3505K, capacity 3629K, committed 3632K, reserved 1048576K
Event: 7.663 GC heap after
Heap after GC invocations=8 (full 1):
 PSYoungGen      total 72192K, used 0K [0x00000000eb200000, 0x00000000f3e00000, 0x0000000100000000)
  eden space 62976K, 0% used [0x00000000eb200000,0x00000000eb200000,0x00000000eef80000)
  from space 9216K, 0% used [0x00000000eef80000,0x00000000eef80000,0x00000000ef880000)
  to   space 8704K, 0% used [0x00000000f3580000,0x00000000f3580000,0x00000000f3e00000)
 ParOldGen       total 32256K, used 5937K [0x00000000c1600000, 0x00000000c3580000, 0x00000000eb200000)
  object space 32256K, 18% used [0x00000000c1600000,0x00000000c1bcc4e0,0x00000000c3580000)
 Metaspace       used 20899K, capacity 21268K, committed 21296K, reserved 1067008K
  class space    used 3505K, capacity 3629K, committed 3632K, reserved 1048576K
}
Event: 11.919 GC heap before
{Heap before GC invocations=9 (full 1):
 PSYoungGen      total 72192K, used 62976K [0x00000000eb200000, 0x00000000f3e00000, 0x0000000100000000)
  eden space 62976K, 100% used [0x00000000eb200000,0x00000000eef80000,0x00000000eef80000)
  from space 9216K, 0% used [0x00000000eef80000,0x00000000eef80000,0x00000000ef880000)
  to   space 8704K, 0% used [0x00000000f3580000,0x00000000f3580000,0x00000000f3e00000)
 ParOldGen       total 32256K, used 5937K [0x00000000c1600000, 0x00000000c3580000, 0x00000000eb200000)
  object space 32256K, 18% used [0x00000000c1600000,0x00000000c1bcc4e0,0x00000000c3580000)
 Metaspace       used 29601K, capacity 29982K, committed 30128K, reserved 1075200K
  class space    used 4852K, capacity 4975K, committed 5040K, reserved 1048576K
Event: 11.975 GC heap after
Heap after GC invocations=9 (full 1):
 PSYoungGen      total 110592K, used 8672K [0x00000000eb200000, 0x00000000f3e00000, 0x0000000100000000)
  eden space 101888K, 0% used [0x00000000eb200000,0x00000000eb200000,0x00000000f1580000)
  from space 8704K, 99% used [0x00000000f3580000,0x00000000f3df8050,0x00000000f3e00000)
  to   space 17408K, 0% used [0x00000000f1c00000,0x00000000f1c00000,0x00000000f2d00000)
 ParOldGen       total 32256K, used 23047K [0x00000000c1600000, 0x00000000c3580000, 0x00000000eb200000)
  object space 32256K, 71% used [0x00000000c1600000,0x00000000c2c81da8,0x00000000c3580000)
 Metaspace       used 29601K, capacity 29982K, committed 30128K, reserved 1075200K
  class space    used 4852K, capacity 4975K, committed 5040K, reserved 1048576K
}
Event: 11.975 GC heap before
{Heap before GC invocations=10 (full 2):
 PSYoungGen      total 110592K, used 8672K [0x00000000eb200000, 0x00000000f3e00000, 0x0000000100000000)
  eden space 101888K, 0% used [0x00000000eb200000,0x00000000eb200000,0x00000000f1580000)
  from space 8704K, 99% used [0x00000000f3580000,0x00000000f3df8050,0x00000000f3e00000)
  to   space 17408K, 0% used [0x00000000f1c00000,0x00000000f1c00000,0x00000000f2d00000)
 ParOldGen       total 32256K, used 23047K [0x00000000c1600000, 0x00000000c3580000, 0x00000000eb200000)
  object space 32256K, 71% used [0x00000000c1600000,0x00000000c2c81da8,0x00000000c3580000)
 Metaspace       used 29601K, capacity 29982K, committed 30128K, reserved 1075200K
  class space    used 4852K, capacity 4975K, committed 5040K, reserved 1048576K
Event: 12.261 GC heap after
Heap after GC invocations=10 (full 2):
 PSYoungGen      total 110592K, used 0K [0x00000000eb200000, 0x00000000f3e00000, 0x0000000100000000)
  eden space 101888K, 0% used [0x00000000eb200000,0x00000000eb200000,0x00000000f1580000)
  from space 8704K, 0% used [0x00000000f3580000,0x00000000f3580000,0x00000000f3e00000)
  to   space 17408K, 0% used [0x00000000f1c00000,0x00000000f1c00000,0x00000000f2d00000)
 ParOldGen       total 77824K, used 29383K [0x00000000c1600000, 0x00000000c6200000, 0x00000000eb200000)
  object space 77824K, 37% used [0x00000000c1600000,0x00000000c32b1e60,0x00000000c6200000)
 Metaspace       used 29601K, capacity 29982K, committed 30128K, reserved 1075200K
  class space    used 4852K, capacity 4975K, committed 5040K, reserved 1048576K
}
Event: 26.170 GC heap before
{Heap before GC invocations=11 (full 2):
 PSYoungGen      total 110592K, used 101888K [0x00000000eb200000, 0x00000000f3e00000, 0x0000000100000000)
  eden space 101888K, 100% used [0x00000000eb200000,0x00000000f1580000,0x00000000f1580000)
  from space 8704K, 0% used [0x00000000f3580000,0x00000000f3580000,0x00000000f3e00000)
  to   space 17408K, 0% used [0x00000000f1c00000,0x00000000f1c00000,0x00000000f2d00000)
 ParOldGen       total 77824K, used 29383K [0x00000000c1600000, 0x00000000c6200000, 0x00000000eb200000)
  object space 77824K, 37% used [0x00000000c1600000,0x00000000c32b1e60,0x00000000c6200000)
 Metaspace       used 38677K, capacity 39045K, committed 39216K, reserved 1083392K
  class space    used 6021K, capacity 6160K, committed 6192K, reserved 1048576K
Event: 26.268 GC heap after
Heap after GC invocations=11 (full 2):
 PSYoungGen      total 125952K, used 17404K [0x00000000eb200000, 0x00000000f5580000, 0x0000000100000000)
  eden space 108544K, 0% used [0x00000000eb200000,0x00000000eb200000,0x00000000f1c00000)
  from space 17408K, 99% used [0x00000000f1c00000,0x00000000f2cff190,0x00000000f2d00000)
  to   space 24064K, 0% used [0x00000000f3e00000,0x00000000f3e00000,0x00000000f5580000)
 ParOldGen       total 77824K, used 37812K [0x00000000c1600000, 0x00000000c6200000, 0x00000000eb200000)
  object space 77824K, 48% used [0x00000000c1600000,0x00000000c3aed318,0x00000000c6200000)
 Metaspace       used 38677K, capacity 39045K, committed 39216K, reserved 1083392K
  class space    used 6021K, capacity 6160K, committed 6192K, reserved 1048576K
}

