# JRE version: OpenJDK Runtime Environment (8.0_76-b03) (build 1.8.0_76-release-b03)
# Java VM: OpenJDK 64-Bit Server VM (25.76-b03 mixed mode windows-amd64 compressed oops)
Heap:
 PSYoungGen      total 263680K, used 114535K [0x00000000e0000000, 0x00000000f8200000, 0x0000000100000000)
  eden space 225280K, 50% used [0x00000000e0000000,0x00000000e6fd9da8,0x00000000edc00000)
  from space 38400K, 0% used [0x00000000edc00000,0x00000000edc00000,0x00000000f0180000)
  to   space 54784K, 0% used [0x00000000f4c80000,0x00000000f4c80000,0x00000000f8200000)
 ParOldGen       total 94720K, used 94280K [0x00000000a0000000, 0x00000000a5c80000, 0x00000000e0000000)
  object space 94720K, 99% used [0x00000000a0000000,0x00000000a5c12078,0x00000000a5c80000)
 Metaspace       used 91127K, capacity 95372K, committed 95536K, reserved 1130496K
  class space    used 12581K, capacity 13579K, committed 13616K, reserved 1048576K
GC Heap History (10 events):
Event: 142.064 GC heap before
{Heap before GC invocations=26 (full 5):
 PSYoungGen      total 263680K, used 38392K [0x00000000e0000000, 0x00000000f8200000, 0x0000000100000000)
  eden space 225280K, 0% used [0x00000000e0000000,0x00000000e0000000,0x00000000edc00000)
  from space 38400K, 99% used [0x00000000edc00000,0x00000000f017e028,0x00000000f0180000)
  to   space 54784K, 0% used [0x00000000f4c80000,0x00000000f4c80000,0x00000000f8200000)
 ParOldGen       total 94720K, used 87027K [0x00000000a0000000, 0x00000000a5c80000, 0x00000000e0000000)
  object space 94720K, 91% used [0x00000000a0000000,0x00000000a54fce90,0x00000000a5c80000)
 Metaspace       used 90859K, capacity 95158K, committed 95280K, reserved 1130496K
  class space    used 12580K, capacity 13588K, committed 13616K, reserved 1048576K
Event: 146.176 GC heap after
Heap after GC invocations=26 (full 5):
 PSYoungGen      total 263680K, used 29474K [0x00000000e0000000, 0x00000000f8200000, 0x0000000100000000)
  eden space 225280K, 0% used [0x00000000e0000000,0x00000000e0000000,0x00000000edc00000)
  from space 38400K, 76% used [0x00000000edc00000,0x00000000ef8c8b28,0x00000000f0180000)
  to   space 54784K, 0% used [0x00000000f4c80000,0x00000000f4c80000,0x00000000f8200000)
 ParOldGen       total 94720K, used 94643K [0x00000000a0000000, 0x00000000a5c80000, 0x00000000e0000000)
  object space 94720K, 99% used [0x00000000a0000000,0x00000000a5c6cd98,0x00000000a5c80000)
 Metaspace       used 90844K, capacity 95116K, committed 95280K, reserved 1130496K
  class space    used 12575K, capacity 13579K, committed 13616K, reserved 1048576K
}
Event: 148.037 GC heap before
{Heap before GC invocations=27 (full 6):
 PSYoungGen      total 263680K, used 254754K [0x00000000e0000000, 0x00000000f8200000, 0x0000000100000000)
  eden space 225280K, 100% used [0x00000000e0000000,0x00000000edc00000,0x00000000edc00000)
  from space 38400K, 76% used [0x00000000edc00000,0x00000000ef8c8b28,0x00000000f0180000)
  to   space 54784K, 0% used [0x00000000f4c80000,0x00000000f4c80000,0x00000000f8200000)
 ParOldGen       total 94720K, used 94643K [0x00000000a0000000, 0x00000000a5c80000, 0x00000000e0000000)
  object space 94720K, 99% used [0x00000000a0000000,0x00000000a5c6cd98,0x00000000a5c80000)
 Metaspace       used 90961K, capacity 95180K, committed 95280K, reserved 1130496K
  class space    used 12578K, capacity 13579K, committed 13616K, reserved 1048576K
Event: 149.731 GC heap after
Heap after GC invocations=27 (full 6):
 PSYoungGen      total 263680K, used 50286K [0x00000000e0000000, 0x00000000f8200000, 0x0000000100000000)
  eden space 225280K, 22% used [0x00000000e0000000,0x00000000e311b948,0x00000000edc00000)
  from space 38400K, 0% used [0x00000000edc00000,0x00000000edc00000,0x00000000f0180000)
  to   space 54784K, 0% used [0x00000000f4c80000,0x00000000f4c80000,0x00000000f8200000)
 ParOldGen       total 94720K, used 94574K [0x00000000a0000000, 0x00000000a5c80000, 0x00000000e0000000)
  object space 94720K, 99% used [0x00000000a0000000,0x00000000a5c5bbf8,0x00000000a5c80000)
 Metaspace       used 90961K, capacity 95180K, committed 95280K, reserved 1130496K
  class space    used 12578K, capacity 13579K, committed 13616K, reserved 1048576K
}
Event: 151.486 GC heap before
{Heap before GC invocations=28 (full 7):
 PSYoungGen      total 263680K, used 225280K [0x00000000e0000000, 0x00000000f8200000, 0x0000000100000000)
  eden space 225280K, 100% used [0x00000000e0000000,0x00000000edc00000,0x00000000edc00000)
  from space 38400K, 0% used [0x00000000edc00000,0x00000000edc00000,0x00000000f0180000)
  to   space 54784K, 0% used [0x00000000f4c80000,0x00000000f4c80000,0x00000000f8200000)
 ParOldGen       total 94720K, used 94574K [0x00000000a0000000, 0x00000000a5c80000, 0x00000000e0000000)
  object space 94720K, 99% used [0x00000000a0000000,0x00000000a5c5bbf8,0x00000000a5c80000)
 Metaspace       used 91059K, capacity 95308K, committed 95536K, reserved 1130496K
  class space    used 12579K, capacity 13579K, committed 13616K, reserved 1048576K
Event: 153.508 GC heap after
Heap after GC invocations=28 (full 7):
 PSYoungGen      total 263680K, used 65090K [0x00000000e0000000, 0x00000000f8200000, 0x0000000100000000)
  eden space 225280K, 28% used [0x00000000e0000000,0x00000000e3f90b30,0x00000000edc00000)
  from space 38400K, 0% used [0x00000000edc00000,0x00000000edc00000,0x00000000f0180000)
  to   space 54784K, 0% used [0x00000000f4c80000,0x00000000f4c80000,0x00000000f8200000)
 ParOldGen       total 94720K, used 94501K [0x00000000a0000000, 0x00000000a5c80000, 0x00000000e0000000)
  object space 94720K, 99% used [0x00000000a0000000,0x00000000a5c49458,0x00000000a5c80000)
 Metaspace       used 91059K, capacity 95308K, committed 95536K, reserved 1130496K
  class space    used 12579K, capacity 13579K, committed 13616K, reserved 1048576K
}
Event: 155.073 GC heap before
{Heap before GC invocations=29 (full 8):
 PSYoungGen      total 263680K, used 225280K [0x00000000e0000000, 0x00000000f8200000, 0x0000000100000000)
  eden space 225280K, 100% used [0x00000000e0000000,0x00000000edc00000,0x00000000edc00000)
  from space 38400K, 0% used [0x00000000edc00000,0x00000000edc00000,0x00000000f0180000)
  to   space 54784K, 0% used [0x00000000f4c80000,0x00000000f4c80000,0x00000000f8200000)
 ParOldGen       total 94720K, used 94501K [0x00000000a0000000, 0x00000000a5c80000, 0x00000000e0000000)
  object space 94720K, 99% used [0x00000000a0000000,0x00000000a5c49458,0x00000000a5c80000)
 Metaspace       used 91112K, capacity 95372K, committed 95536K, reserved 1130496K
  class space    used 12581K, capacity 13579K, committed 13616K, reserved 1048576K
Event: 156.909 GC heap after
Heap after GC invocations=29 (full 8):
 PSYoungGen      total 263680K, used 79268K [0x00000000e0000000, 0x00000000f8200000, 0x0000000100000000)
  eden space 225280K, 35% used [0x00000000e0000000,0x00000000e4d691e0,0x00000000edc00000)
  from space 38400K, 0% used [0x00000000edc00000,0x00000000edc00000,0x00000000f0180000)
  to   space 54784K, 0% used [0x00000000f4c80000,0x00000000f4c80000,0x00000000f8200000)
 ParOldGen       total 94720K, used 94326K [0x00000000a0000000, 0x00000000a5c80000, 0x00000000e0000000)
  object space 94720K, 99% used [0x00000000a0000000,0x00000000a5c1d870,0x00000000a5c80000)
 Metaspace       used 91112K, capacity 95372K, committed 95536K, reserved 1130496K
  class space    used 12581K, capacity 13579K, committed 13616K, reserved 1048576K
}
Event: 157.863 GC heap before
{Heap before GC invocations=30 (full 9):
 PSYoungGen      total 263680K, used 225280K [0x00000000e0000000, 0x00000000f8200000, 0x0000000100000000)
  eden space 225280K, 100% used [0x00000000e0000000,0x00000000edc00000,0x00000000edc00000)
  from space 38400K, 0% used [0x00000000edc00000,0x00000000edc00000,0x00000000f0180000)
  to   space 54784K, 0% used [0x00000000f4c80000,0x00000000f4c80000,0x00000000f8200000)
 ParOldGen       total 94720K, used 94326K [0x00000000a0000000, 0x00000000a5c80000, 0x00000000e0000000)
  object space 94720K, 99% used [0x00000000a0000000,0x00000000a5c1d870,0x00000000a5c80000)
 Metaspace       used 91127K, capacity 95372K, committed 95536K, reserved 1130496K
  class space    used 12581K, capacity 13579K, committed 13616K, reserved 1048576K
Event: 159.440 GC heap after
Heap after GC invocations=30 (full 9):
 PSYoungGen      total 263680K, used 88719K [0x00000000e0000000, 0x00000000f8200000, 0x0000000100000000)
  eden space 225280K, 39% used [0x00000000e0000000,0x00000000e56a3ff8,0x00000000edc00000)
  from space 38400K, 0% used [0x00000000edc00000,0x00000000edc00000,0x00000000f0180000)
  to   space 54784K, 0% used [0x00000000f4c80000,0x00000000f4c80000,0x00000000f8200000)
 ParOldGen       total 94720K, used 94280K [0x00000000a0000000, 0x00000000a5c80000, 0x00000000e0000000)
  object space 94720K, 99% used [0x00000000a0000000,0x00000000a5c12078,0x00000000a5c80000)
 Metaspace       used 91127K, capacity 95372K, committed 95536K, reserved 1130496K
  class space    used 12581K, capacity 13579K, committed 13616K, reserved 1048576K
}

