# JRE version: OpenJDK Runtime Environment (8.0_76-b03) (build 1.8.0_76-release-b03)
# Java VM: OpenJDK 64-Bit Server VM (25.76-b03 mixed mode windows-amd64 compressed oops)
Heap:
 PSYoungGen      total 2048K, used 1194K [0x00000000eb200000, 0x00000000eb480000, 0x0000000100000000)
  eden space 1536K, 46% used [0x00000000eb200000,0x00000000eb2b27f8,0x00000000eb380000)
  from space 512K, 93% used [0x00000000eb400000,0x00000000eb478020,0x00000000eb480000)
  to   space 512K, 0% used [0x00000000eb380000,0x00000000eb380000,0x00000000eb400000)
 ParOldGen       total 5632K, used 424K [0x00000000c1600000, 0x00000000c1b80000, 0x00000000eb200000)
  object space 5632K, 7% used [0x00000000c1600000,0x00000000c166a040,0x00000000c1b80000)
 Metaspace       used 5237K, capacity 6540K, committed 6656K, reserved 1058816K
  class space    used 649K, capacity 712K, committed 768K, reserved 1048576K
GC Heap History (8 events):
Event: 0.821 GC heap before
{Heap before GC invocations=1 (full 0):
 PSYoungGen      total 2048K, used 1533K [0x00000000eb200000, 0x00000000eb480000, 0x0000000100000000)
  eden space 1536K, 99% used [0x00000000eb200000,0x00000000eb37f650,0x00000000eb380000)
  from space 512K, 0% used [0x00000000eb400000,0x00000000eb400000,0x00000000eb480000)
  to   space 512K, 0% used [0x00000000eb380000,0x00000000eb380000,0x00000000eb400000)
 ParOldGen       total 5632K, used 0K [0x00000000c1600000, 0x00000000c1b80000, 0x00000000eb200000)
  object space 5632K, 0% used [0x00000000c1600000,0x00000000c1600000,0x00000000c1b80000)
 Metaspace       used 3214K, capacity 4812K, committed 5120K, reserved 1058816K
  class space    used 363K, capacity 456K, committed 512K, reserved 1048576K
Event: 0.825 GC heap after
Heap after GC invocations=1 (full 0):
 PSYoungGen      total 2048K, used 511K [0x00000000eb200000, 0x00000000eb480000, 0x0000000100000000)
  eden space 1536K, 0% used [0x00000000eb200000,0x00000000eb200000,0x00000000eb380000)
  from space 512K, 99% used [0x00000000eb380000,0x00000000eb3ffc30,0x00000000eb400000)
  to   space 512K, 0% used [0x00000000eb400000,0x00000000eb400000,0x00000000eb480000)
 ParOldGen       total 5632K, used 16K [0x00000000c1600000, 0x00000000c1b80000, 0x00000000eb200000)
  object space 5632K, 0% used [0x00000000c1600000,0x00000000c1604000,0x00000000c1b80000)
 Metaspace       used 3214K, capacity 4812K, committed 5120K, reserved 1058816K
  class space    used 363K, capacity 456K, committed 512K, reserved 1048576K
}
Event: 1.094 GC heap before
{Heap before GC invocations=2 (full 0):
 PSYoungGen      total 2048K, used 2047K [0x00000000eb200000, 0x00000000eb480000, 0x0000000100000000)
  eden space 1536K, 100% used [0x00000000eb200000,0x00000000eb380000,0x00000000eb380000)
  from space 512K, 99% used [0x00000000eb380000,0x00000000eb3ffc30,0x00000000eb400000)
  to   space 512K, 0% used [0x00000000eb400000,0x00000000eb400000,0x00000000eb480000)
 ParOldGen       total 5632K, used 16K [0x00000000c1600000, 0x00000000c1b80000, 0x00000000eb200000)
  object space 5632K, 0% used [0x00000000c1600000,0x00000000c1604000,0x00000000c1b80000)
 Metaspace       used 3989K, capacity 5388K, committed 5760K, reserved 1058816K
  class space    used 461K, capacity 520K, committed 640K, reserved 1048576K
Event: 1.100 GC heap after
Heap after GC invocations=2 (full 0):
 PSYoungGen      total 2048K, used 496K [0x00000000eb200000, 0x00000000eb480000, 0x0000000100000000)
  eden space 1536K, 0% used [0x00000000eb200000,0x00000000eb200000,0x00000000eb380000)
  from space 512K, 96% used [0x00000000eb400000,0x00000000eb47c010,0x00000000eb480000)
  to   space 512K, 0% used [0x00000000eb380000,0x00000000eb380000,0x00000000eb400000)
 ParOldGen       total 5632K, used 56K [0x00000000c1600000, 0x00000000c1b80000, 0x00000000eb200000)
  object space 5632K, 0% used [0x00000000c1600000,0x00000000c160e000,0x00000000c1b80000)
 Metaspace       used 3989K, capacity 5388K, committed 5760K, reserved 1058816K
  class space    used 461K, capacity 520K, committed 640K, reserved 1048576K
}
Event: 1.215 GC heap before
{Heap before GC invocations=3 (full 0):
 PSYoungGen      total 2048K, used 2032K [0x00000000eb200000, 0x00000000eb480000, 0x0000000100000000)
  eden space 1536K, 100% used [0x00000000eb200000,0x00000000eb380000,0x00000000eb380000)
  from space 512K, 96% used [0x00000000eb400000,0x00000000eb47c010,0x00000000eb480000)
  to   space 512K, 0% used [0x00000000eb380000,0x00000000eb380000,0x00000000eb400000)
 ParOldGen       total 5632K, used 56K [0x00000000c1600000, 0x00000000c1b80000, 0x00000000eb200000)
  object space 5632K, 0% used [0x00000000c1600000,0x00000000c160e000,0x00000000c1b80000)
 Metaspace       used 4503K, capacity 5836K, committed 6016K, reserved 1058816K
  class space    used 539K, capacity 584K, committed 640K, reserved 1048576K
Event: 1.218 GC heap after
Heap after GC invocations=3 (full 0):
 PSYoungGen      total 2048K, used 480K [0x00000000eb200000, 0x00000000eb480000, 0x0000000100000000)
  eden space 1536K, 0% used [0x00000000eb200000,0x00000000eb200000,0x00000000eb380000)
  from space 512K, 93% used [0x00000000eb380000,0x00000000eb3f8020,0x00000000eb400000)
  to   space 512K, 0% used [0x00000000eb400000,0x00000000eb400000,0x00000000eb480000)
 ParOldGen       total 5632K, used 376K [0x00000000c1600000, 0x00000000c1b80000, 0x00000000eb200000)
  object space 5632K, 6% used [0x00000000c1600000,0x00000000c165e040,0x00000000c1b80000)
 Metaspace       used 4503K, capacity 5836K, committed 6016K, reserved 1058816K
  class space    used 539K, capacity 584K, committed 640K, reserved 1048576K
}
Event: 1.301 GC heap before
{Heap before GC invocations=4 (full 0):
 PSYoungGen      total 2048K, used 2016K [0x00000000eb200000, 0x00000000eb480000, 0x0000000100000000)
  eden space 1536K, 100% used [0x00000000eb200000,0x00000000eb380000,0x00000000eb380000)
  from space 512K, 93% used [0x00000000eb380000,0x00000000eb3f8020,0x00000000eb400000)
  to   space 512K, 0% used [0x00000000eb400000,0x00000000eb400000,0x00000000eb480000)
 ParOldGen       total 5632K, used 376K [0x00000000c1600000, 0x00000000c1b80000, 0x00000000eb200000)
  object space 5632K, 6% used [0x00000000c1600000,0x00000000c165e040,0x00000000c1b80000)
 Metaspace       used 5028K, capacity 6348K, committed 6656K, reserved 1058816K
  class space    used 596K, capacity 648K, committed 768K, reserved 1048576K
Event: 1.303 GC heap after
Heap after GC invocations=4 (full 0):
 PSYoungGen      total 2048K, used 480K [0x00000000eb200000, 0x00000000eb480000, 0x0000000100000000)
  eden space 1536K, 0% used [0x00000000eb200000,0x00000000eb200000,0x00000000eb380000)
  from space 512K, 93% used [0x00000000eb400000,0x00000000eb478020,0x00000000eb480000)
  to   space 512K, 0% used [0x00000000eb380000,0x00000000eb380000,0x00000000eb400000)
 ParOldGen       total 5632K, used 424K [0x00000000c1600000, 0x00000000c1b80000, 0x00000000eb200000)
  object space 5632K, 7% used [0x00000000c1600000,0x00000000c166a040,0x00000000c1b80000)
 Metaspace       used 5028K, capacity 6348K, committed 6656K, reserved 1058816K
  class space    used 596K, capacity 648K, committed 768K, reserved 1048576K
}

