# JRE version: OpenJDK Runtime Environment (8.0_76-b03) (build 1.8.0_76-release-b03)
# Java VM: OpenJDK 64-Bit Server VM (25.76-b03 mixed mode windows-amd64 compressed oops)
Heap:
 PSYoungGen      total 14336K, used 10919K [0x00000000eb200000, 0x00000000ec200000, 0x0000000100000000)
  eden space 12288K, 75% used [0x00000000eb200000,0x00000000ebb0c0a8,0x00000000ebe00000)
  from space 2048K, 80% used [0x00000000ec000000,0x00000000ec19db78,0x00000000ec200000)
  to   space 2048K, 0% used [0x00000000ebe00000,0x00000000ebe00000,0x00000000ec000000)
 ParOldGen       total 5632K, used 2921K [0x00000000c1600000, 0x00000000c1b80000, 0x00000000eb200000)
  object space 5632K, 51% used [0x00000000c1600000,0x00000000c18da7a8,0x00000000c1b80000)
 Metaspace       used 7472K, capacity 8404K, committed 8704K, reserved 1056768K
  class space    used 866K, capacity 912K, committed 1024K, reserved 1048576K
GC Heap History (10 events):
Event: 0.384 GC heap before
{Heap before GC invocations=2 (full 0):
 PSYoungGen      total 2048K, used 2031K [0x00000000eb200000, 0x00000000eb600000, 0x0000000100000000)
  eden space 1536K, 100% used [0x00000000eb200000,0x00000000eb380000,0x00000000eb380000)
  from space 512K, 96% used [0x00000000eb380000,0x00000000eb3fbc20,0x00000000eb400000)
  to   space 512K, 0% used [0x00000000eb580000,0x00000000eb580000,0x00000000eb600000)
 ParOldGen       total 5632K, used 48K [0x00000000c1600000, 0x00000000c1b80000, 0x00000000eb200000)
  object space 5632K, 0% used [0x00000000c1600000,0x00000000c160c000,0x00000000c1b80000)
 Metaspace       used 3976K, capacity 5388K, committed 5760K, reserved 1056768K
  class space    used 460K, capacity 520K, committed 640K, reserved 1048576K
Event: 0.388 GC heap after
Heap after GC invocations=2 (full 0):
 PSYoungGen      total 3584K, used 496K [0x00000000eb200000, 0x00000000eb600000, 0x0000000100000000)
  eden space 3072K, 0% used [0x00000000eb200000,0x00000000eb200000,0x00000000eb500000)
  from space 512K, 96% used [0x00000000eb580000,0x00000000eb5fc030,0x00000000eb600000)
  to   space 512K, 0% used [0x00000000eb500000,0x00000000eb500000,0x00000000eb580000)
 ParOldGen       total 5632K, used 80K [0x00000000c1600000, 0x00000000c1b80000, 0x00000000eb200000)
  object space 5632K, 1% used [0x00000000c1600000,0x00000000c1614000,0x00000000c1b80000)
 Metaspace       used 3976K, capacity 5388K, committed 5760K, reserved 1056768K
  class space    used 460K, capacity 520K, committed 640K, reserved 1048576K
}
Event: 0.559 GC heap before
{Heap before GC invocations=3 (full 0):
 PSYoungGen      total 3584K, used 3568K [0x00000000eb200000, 0x00000000eb600000, 0x0000000100000000)
  eden space 3072K, 100% used [0x00000000eb200000,0x00000000eb500000,0x00000000eb500000)
  from space 512K, 96% used [0x00000000eb580000,0x00000000eb5fc030,0x00000000eb600000)
  to   space 512K, 0% used [0x00000000eb500000,0x00000000eb500000,0x00000000eb580000)
 ParOldGen       total 5632K, used 80K [0x00000000c1600000, 0x00000000c1b80000, 0x00000000eb200000)
  object space 5632K, 1% used [0x00000000c1600000,0x00000000c1614000,0x00000000c1b80000)
 Metaspace       used 5033K, capacity 6348K, committed 6656K, reserved 1056768K
  class space    used 594K, capacity 648K, committed 768K, reserved 1048576K
Event: 0.562 GC heap after
Heap after GC invocations=3 (full 0):
 PSYoungGen      total 3584K, used 512K [0x00000000eb200000, 0x00000000eb900000, 0x0000000100000000)
  eden space 3072K, 0% used [0x00000000eb200000,0x00000000eb200000,0x00000000eb500000)
  from space 512K, 100% used [0x00000000eb500000,0x00000000eb580000,0x00000000eb580000)
  to   space 512K, 0% used [0x00000000eb880000,0x00000000eb880000,0x00000000eb900000)
 ParOldGen       total 5632K, used 408K [0x00000000c1600000, 0x00000000c1b80000, 0x00000000eb200000)
  object space 5632K, 7% used [0x00000000c1600000,0x00000000c1666010,0x00000000c1b80000)
 Metaspace       used 5033K, capacity 6348K, committed 6656K, reserved 1056768K
  class space    used 594K, capacity 648K, committed 768K, reserved 1048576K
}
Event: 0.776 GC heap before
{Heap before GC invocations=4 (full 0):
 PSYoungGen      total 3584K, used 3584K [0x00000000eb200000, 0x00000000eb900000, 0x0000000100000000)
  eden space 3072K, 100% used [0x00000000eb200000,0x00000000eb500000,0x00000000eb500000)
  from space 512K, 100% used [0x00000000eb500000,0x00000000eb580000,0x00000000eb580000)
  to   space 512K, 0% used [0x00000000eb880000,0x00000000eb880000,0x00000000eb900000)
 ParOldGen       total 5632K, used 408K [0x00000000c1600000, 0x00000000c1b80000, 0x00000000eb200000)
  object space 5632K, 7% used [0x00000000c1600000,0x00000000c1666010,0x00000000c1b80000)
 Metaspace       used 6096K, capacity 7372K, committed 7552K, reserved 1056768K
  class space    used 741K, capacity 776K, committed 896K, reserved 1048576K
Event: 0.779 GC heap after
Heap after GC invocations=4 (full 0):
 PSYoungGen      total 6656K, used 512K [0x00000000eb200000, 0x00000000eb900000, 0x0000000100000000)
  eden space 6144K, 0% used [0x00000000eb200000,0x00000000eb200000,0x00000000eb800000)
  from space 512K, 100% used [0x00000000eb880000,0x00000000eb900000,0x00000000eb900000)
  to   space 512K, 0% used [0x00000000eb800000,0x00000000eb800000,0x00000000eb880000)
 ParOldGen       total 5632K, used 776K [0x00000000c1600000, 0x00000000c1b80000, 0x00000000eb200000)
  object space 5632K, 13% used [0x00000000c1600000,0x00000000c16c2060,0x00000000c1b80000)
 Metaspace       used 6096K, capacity 7372K, committed 7552K, reserved 1056768K
  class space    used 741K, capacity 776K, committed 896K, reserved 1048576K
}
Event: 1.185 GC heap before
{Heap before GC invocations=5 (full 0):
 PSYoungGen      total 6656K, used 5868K [0x00000000eb200000, 0x00000000eb900000, 0x0000000100000000)
  eden space 6144K, 87% used [0x00000000eb200000,0x00000000eb73b208,0x00000000eb800000)
  from space 512K, 100% used [0x00000000eb880000,0x00000000eb900000,0x00000000eb900000)
  to   space 512K, 0% used [0x00000000eb800000,0x00000000eb800000,0x00000000eb880000)
 ParOldGen       total 5632K, used 776K [0x00000000c1600000, 0x00000000c1b80000, 0x00000000eb200000)
  object space 5632K, 13% used [0x00000000c1600000,0x00000000c16c2060,0x00000000c1b80000)
 Metaspace       used 7187K, capacity 8180K, committed 8320K, reserved 1056768K
  class space    used 846K, capacity 880K, committed 896K, reserved 1048576K
Event: 1.206 GC heap after
Heap after GC invocations=5 (full 0):
 PSYoungGen      total 6656K, used 512K [0x00000000eb200000, 0x00000000ec200000, 0x0000000100000000)
  eden space 6144K, 0% used [0x00000000eb200000,0x00000000eb200000,0x00000000eb800000)
  from space 512K, 100% used [0x00000000eb800000,0x00000000eb880000,0x00000000eb880000)
  to   space 2048K, 0% used [0x00000000ec000000,0x00000000ec000000,0x00000000ec200000)
 ParOldGen       total 5632K, used 2051K [0x00000000c1600000, 0x00000000c1b80000, 0x00000000eb200000)
  object space 5632K, 36% used [0x00000000c1600000,0x00000000c1800c58,0x00000000c1b80000)
 Metaspace       used 7187K, capacity 8180K, committed 8320K, reserved 1056768K
  class space    used 846K, capacity 880K, committed 896K, reserved 1048576K
}
Event: 1.442 GC heap before
{Heap before GC invocations=6 (full 0):
 PSYoungGen      total 6656K, used 5291K [0x00000000eb200000, 0x00000000ec200000, 0x0000000100000000)
  eden space 6144K, 77% used [0x00000000eb200000,0x00000000eb6aadd0,0x00000000eb800000)
  from space 512K, 100% used [0x00000000eb800000,0x00000000eb880000,0x00000000eb880000)
  to   space 2048K, 0% used [0x00000000ec000000,0x00000000ec000000,0x00000000ec200000)
 ParOldGen       total 5632K, used 2051K [0x00000000c1600000, 0x00000000c1b80000, 0x00000000eb200000)
  object space 5632K, 36% used [0x00000000c1600000,0x00000000c1800c58,0x00000000c1b80000)
 Metaspace       used 7191K, capacity 8180K, committed 8320K, reserved 1056768K
  class space    used 846K, capacity 880K, committed 896K, reserved 1048576K
Event: 1.449 GC heap after
Heap after GC invocations=6 (full 0):
 PSYoungGen      total 14336K, used 1654K [0x00000000eb200000, 0x00000000ec200000, 0x0000000100000000)
  eden space 12288K, 0% used [0x00000000eb200000,0x00000000eb200000,0x00000000ebe00000)
  from space 2048K, 80% used [0x00000000ec000000,0x00000000ec19db78,0x00000000ec200000)
  to   space 2048K, 0% used [0x00000000ebe00000,0x00000000ebe00000,0x00000000ec000000)
 ParOldGen       total 5632K, used 2921K [0x00000000c1600000, 0x00000000c1b80000, 0x00000000eb200000)
  object space 5632K, 51% used [0x00000000c1600000,0x00000000c18da7a8,0x00000000c1b80000)
 Metaspace       used 7191K, capacity 8180K, committed 8320K, reserved 1056768K
  class space    used 846K, capacity 880K, committed 896K, reserved 1048576K
}

