# JRE version: OpenJDK Runtime Environment (8.0_76-b03) (build 1.8.0_76-release-b03)
# Java VM: OpenJDK 64-Bit Server VM (25.76-b03 mixed mode windows-amd64 compressed oops)
Heap:
 PSYoungGen      total 94720K, used 86058K [0x00000000eb200000, 0x00000000f2c00000, 0x0000000100000000)
  eden space 78336K, 88% used [0x00000000eb200000,0x00000000ef610a90,0x00000000efe80000)
  from space 16384K, 99% used [0x00000000f1c00000,0x00000000f2bfa020,0x00000000f2c00000)
  to   space 19968K, 0% used [0x00000000f0500000,0x00000000f0500000,0x00000000f1880000)
 ParOldGen       total 73216K, used 32305K [0x00000000c1600000, 0x00000000c5d80000, 0x00000000eb200000)
  object space 73216K, 44% used [0x00000000c1600000,0x00000000c358c588,0x00000000c5d80000)
 Metaspace       used 40137K, capacity 40501K, committed 40624K, reserved 1083392K
  class space    used 6213K, capacity 6320K, committed 6320K, reserved 1048576K
GC Heap History (10 events):
Event: 12.018 GC heap before
{Heap before GC invocations=8 (full 0):
 PSYoungGen      total 37376K, used 16057K [0x00000000eb200000, 0x00000000f0000000, 0x0000000100000000)
  eden space 31744K, 32% used [0x00000000eb200000,0x00000000ebc2e870,0x00000000ed100000)
  from space 5632K, 99% used [0x00000000ed100000,0x00000000ed67fc70,0x00000000ed680000)
  to   space 8192K, 0% used [0x00000000ef800000,0x00000000ef800000,0x00000000f0000000)
 ParOldGen       total 44032K, used 7612K [0x00000000c1600000, 0x00000000c4100000, 0x00000000eb200000)
  object space 44032K, 17% used [0x00000000c1600000,0x00000000c1d6f000,0x00000000c4100000)
 Metaspace       used 20961K, capacity 21284K, committed 21296K, reserved 1067008K
  class space    used 3521K, capacity 3629K, committed 3632K, reserved 1048576K
Event: 12.042 GC heap after
Heap after GC invocations=8 (full 0):
 PSYoungGen      total 70656K, used 4294K [0x00000000eb200000, 0x00000000eff00000, 0x0000000100000000)
  eden space 63488K, 0% used [0x00000000eb200000,0x00000000eb200000,0x00000000ef000000)
  from space 7168K, 59% used [0x00000000ef800000,0x00000000efc31848,0x00000000eff00000)
  to   space 7680K, 0% used [0x00000000ef000000,0x00000000ef000000,0x00000000ef780000)
 ParOldGen       total 44032K, used 8041K [0x00000000c1600000, 0x00000000c4100000, 0x00000000eb200000)
  object space 44032K, 18% used [0x00000000c1600000,0x00000000c1dda400,0x00000000c4100000)
 Metaspace       used 20961K, capacity 21284K, committed 21296K, reserved 1067008K
  class space    used 3521K, capacity 3629K, committed 3632K, reserved 1048576K
}
Event: 12.042 GC heap before
{Heap before GC invocations=9 (full 1):
 PSYoungGen      total 70656K, used 4294K [0x00000000eb200000, 0x00000000eff00000, 0x0000000100000000)
  eden space 63488K, 0% used [0x00000000eb200000,0x00000000eb200000,0x00000000ef000000)
  from space 7168K, 59% used [0x00000000ef800000,0x00000000efc31848,0x00000000eff00000)
  to   space 7680K, 0% used [0x00000000ef000000,0x00000000ef000000,0x00000000ef780000)
 ParOldGen       total 44032K, used 8041K [0x00000000c1600000, 0x00000000c4100000, 0x00000000eb200000)
  object space 44032K, 18% used [0x00000000c1600000,0x00000000c1dda400,0x00000000c4100000)
 Metaspace       used 20961K, capacity 21284K, committed 21296K, reserved 1067008K
  class space    used 3521K, capacity 3629K, committed 3632K, reserved 1048576K
Event: 12.138 GC heap after
Heap after GC invocations=9 (full 1):
 PSYoungGen      total 70656K, used 0K [0x00000000eb200000, 0x00000000eff00000, 0x0000000100000000)
  eden space 63488K, 0% used [0x00000000eb200000,0x00000000eb200000,0x00000000ef000000)
  from space 7168K, 0% used [0x00000000ef800000,0x00000000ef800000,0x00000000eff00000)
  to   space 7680K, 0% used [0x00000000ef000000,0x00000000ef000000,0x00000000ef780000)
 ParOldGen       total 30208K, used 6264K [0x00000000c1600000, 0x00000000c3380000, 0x00000000eb200000)
  object space 30208K, 20% used [0x00000000c1600000,0x00000000c1c1e298,0x00000000c3380000)
 Metaspace       used 20961K, capacity 21284K, committed 21296K, reserved 1067008K
  class space    used 3521K, capacity 3629K, committed 3632K, reserved 1048576K
}
Event: 16.567 GC heap before
{Heap before GC invocations=10 (full 1):
 PSYoungGen      total 70656K, used 63488K [0x00000000eb200000, 0x00000000eff00000, 0x0000000100000000)
  eden space 63488K, 100% used [0x00000000eb200000,0x00000000ef000000,0x00000000ef000000)
  from space 7168K, 0% used [0x00000000ef800000,0x00000000ef800000,0x00000000eff00000)
  to   space 7680K, 0% used [0x00000000ef000000,0x00000000ef000000,0x00000000ef780000)
 ParOldGen       total 30208K, used 6264K [0x00000000c1600000, 0x00000000c3380000, 0x00000000eb200000)
  object space 30208K, 20% used [0x00000000c1600000,0x00000000c1c1e298,0x00000000c3380000)
 Metaspace       used 29561K, capacity 29930K, committed 30128K, reserved 1075200K
  class space    used 4896K, capacity 5039K, committed 5040K, reserved 1048576K
Event: 16.668 GC heap after
Heap after GC invocations=10 (full 1):
 PSYoungGen      total 71168K, used 7664K [0x00000000eb200000, 0x00000000f2c00000, 0x0000000100000000)
  eden space 63488K, 0% used [0x00000000eb200000,0x00000000eb200000,0x00000000ef000000)
  from space 7680K, 99% used [0x00000000ef000000,0x00000000ef77c050,0x00000000ef780000)
  to   space 16384K, 0% used [0x00000000f1c00000,0x00000000f1c00000,0x00000000f2c00000)
 ParOldGen       total 30208K, used 24649K [0x00000000c1600000, 0x00000000c3380000, 0x00000000eb200000)
  object space 30208K, 81% used [0x00000000c1600000,0x00000000c2e12718,0x00000000c3380000)
 Metaspace       used 29561K, capacity 29930K, committed 30128K, reserved 1075200K
  class space    used 4896K, capacity 5039K, committed 5040K, reserved 1048576K
}
Event: 16.668 GC heap before
{Heap before GC invocations=11 (full 2):
 PSYoungGen      total 71168K, used 7664K [0x00000000eb200000, 0x00000000f2c00000, 0x0000000100000000)
  eden space 63488K, 0% used [0x00000000eb200000,0x00000000eb200000,0x00000000ef000000)
  from space 7680K, 99% used [0x00000000ef000000,0x00000000ef77c050,0x00000000ef780000)
  to   space 16384K, 0% used [0x00000000f1c00000,0x00000000f1c00000,0x00000000f2c00000)
 ParOldGen       total 30208K, used 24649K [0x00000000c1600000, 0x00000000c3380000, 0x00000000eb200000)
  object space 30208K, 81% used [0x00000000c1600000,0x00000000c2e12718,0x00000000c3380000)
 Metaspace       used 29561K, capacity 29930K, committed 30128K, reserved 1075200K
  class space    used 4896K, capacity 5039K, committed 5040K, reserved 1048576K
Event: 16.934 GC heap after
Heap after GC invocations=11 (full 2):
 PSYoungGen      total 71168K, used 0K [0x00000000eb200000, 0x00000000f2c00000, 0x0000000100000000)
  eden space 63488K, 0% used [0x00000000eb200000,0x00000000eb200000,0x00000000ef000000)
  from space 7680K, 0% used [0x00000000ef000000,0x00000000ef000000,0x00000000ef780000)
  to   space 16384K, 0% used [0x00000000f1c00000,0x00000000f1c00000,0x00000000f2c00000)
 ParOldGen       total 73216K, used 29635K [0x00000000c1600000, 0x00000000c5d80000, 0x00000000eb200000)
  object space 73216K, 40% used [0x00000000c1600000,0x00000000c32f0c68,0x00000000c5d80000)
 Metaspace       used 29561K, capacity 29930K, committed 30128K, reserved 1075200K
  class space    used 4896K, capacity 5039K, committed 5040K, reserved 1048576K
}
Event: 23.767 GC heap before
{Heap before GC invocations=12 (full 2):
 PSYoungGen      total 71168K, used 63488K [0x00000000eb200000, 0x00000000f2c00000, 0x0000000100000000)
  eden space 63488K, 100% used [0x00000000eb200000,0x00000000ef000000,0x00000000ef000000)
  from space 7680K, 0% used [0x00000000ef000000,0x00000000ef000000,0x00000000ef780000)
  to   space 16384K, 0% used [0x00000000f1c00000,0x00000000f1c00000,0x00000000f2c00000)
 ParOldGen       total 73216K, used 29635K [0x00000000c1600000, 0x00000000c5d80000, 0x00000000eb200000)
  object space 73216K, 40% used [0x00000000c1600000,0x00000000c32f0c68,0x00000000c5d80000)
 Metaspace       used 37511K, capacity 37935K, committed 38192K, reserved 1081344K
  class space    used 5819K, capacity 5935K, committed 5936K, reserved 1048576K
Event: 23.836 GC heap after
Heap after GC invocations=12 (full 2):
 PSYoungGen      total 94720K, used 16360K [0x00000000eb200000, 0x00000000f2c00000, 0x0000000100000000)
  eden space 78336K, 0% used [0x00000000eb200000,0x00000000eb200000,0x00000000efe80000)
  from space 16384K, 99% used [0x00000000f1c00000,0x00000000f2bfa020,0x00000000f2c00000)
  to   space 19968K, 0% used [0x00000000f0500000,0x00000000f0500000,0x00000000f1880000)
 ParOldGen       total 73216K, used 32305K [0x00000000c1600000, 0x00000000c5d80000, 0x00000000eb200000)
  object space 73216K, 44% used [0x00000000c1600000,0x00000000c358c588,0x00000000c5d80000)
 Metaspace       used 37511K, capacity 37935K, committed 38192K, reserved 1081344K
  class space    used 5819K, capacity 5935K, committed 5936K, reserved 1048576K
}

